<?xml version="1.0" encoding="UTF-8"?>
<!-- Generated by org.testng.reporters.JUnitReportReporter -->
<testsuite hostname="DESKTOP-GP4VM70" failures="0" tests="1" name="testCases.TC001_AccountRegistrationTest" time="3.342" errors="0" timestamp="2025-10-14T22:34:12 IST" skipped="0">
  <testcase classname="testCases.TC001_AccountRegistrationTest" name="verify_Account_Registration" time="3.342"/>
</testsuite> <!-- testCases.TC001_AccountRegistrationTest -->
