<?xml version="1.0" encoding="UTF-8"?>
<!-- Generated by org.testng.reporters.JUnitReportReporter -->
<testsuite hostname="DESKTOP-GP4VM70" failures="0" tests="1" name="Utilities.TC001_AccountRegistrationTest" time="2.272" errors="0" timestamp="2025-10-06T17:55:02 IST" skipped="0">
  <testcase classname="Utilities.TC001_AccountRegistrationTest" name="verify_Account_Registration" time="2.272"/>
</testsuite> <!-- Utilities.TC001_AccountRegistrationTest -->
