<?xml version="1.0" encoding="UTF-8"?>
<!-- Generated by org.testng.reporters.JUnitReportReporter -->
<testsuite hostname="DESKTOP-GP4VM70" failures="0" tests="1" name="testBase.TC001_AccountRegistrationTest" time="2.947" errors="0" timestamp="2025-10-06T17:46:55 IST" skipped="0">
  <testcase classname="testBase.TC001_AccountRegistrationTest" name="verify_Account_Registration" time="2.947"/>
</testsuite> <!-- testBase.TC001_AccountRegistrationTest -->
